<?xml version="1.0" encoding="UTF-8"?>
<!-- Generated by org.testng.reporters.JUnitReportReporter -->
<testsuite skipped="0" hostname="DESKTOP-7O41132" name="org.testNG.Priority" tests="5" failures="0" timestamp="08 Apr 2022 08:37:09 GMT" time="0.054" errors="0">
  <testcase name="tc1" time="0.023" classname="org.testNG.Priority"/>
  <testcase name="tc3" time="0.015" classname="org.testNG.Priority"/>
  <testcase name="tc2" time="0.016" classname="org.testNG.Priority"/>
  <testcase name="tc5" time="0.000" classname="org.testNG.Priority"/>
  <testcase name="tc4" time="0.000" classname="org.testNG.Priority"/>
</testsuite> <!-- org.testNG.Priority -->
