<?xml version="1.0" encoding="UTF-8"?>
<!-- Generated by org.testng.reporters.JUnitReportReporter -->
<testsuite skipped="2" hostname="DESKTOP-7O41132" name="org.testNG.Ignore1" tests="9" failures="0" timestamp="08 Apr 2022 08:38:55 GMT" time="0.047" errors="0">
  <testcase name="tc1" time="0.016" classname="org.testNG.Ignore1"/>
  <testcase name="tc3" time="0.000" classname="org.testNG.Ignore1"/>
  <testcase name="tc3" time="0.016" classname="org.testNG.Ignore1"/>
  <testcase name="tc3" time="0.000" classname="org.testNG.Ignore1"/>
  <testcase name="tc3" time="0.000" classname="org.testNG.Ignore1"/>
  <testcase name="tc3" time="0.000" classname="org.testNG.Ignore1"/>
  <testcase name="tc2" time="0.015" classname="org.testNG.Ignore1"/>
  <testcase name="tc5" classname="org.testNG.Ignore1">
    <skipped/>
  </testcase> <!-- tc5 -->
  <testcase name="tc4" classname="org.testNG.Ignore1">
    <skipped/>
  </testcase> <!-- tc4 -->
</testsuite> <!-- org.testNG.Ignore1 -->
