<?xml version="1.0" encoding="UTF-8"?>
<!-- Generated by org.testng.reporters.JUnitReportReporter -->
<testsuite skipped="0" hostname="DESKTOP-7O41132" name="org.testNG.Sample1" tests="3" failures="0" timestamp="09 Apr 2022 05:54:28 GMT" time="0.040" errors="0">
  <testcase name="tc2" time="0.016" classname="org.testNG.Sample1"/>
  <testcase name="tc1" time="0.021" classname="org.testNG.Sample1"/>
  <testcase name="tc3" time="0.003" classname="org.testNG.Sample1"/>
</testsuite> <!-- org.testNG.Sample1 -->
