<?xml version="1.0" encoding="UTF-8"?>
<!-- Generated by org.testng.reporters.JUnitReportReporter -->
<testsuite skipped="2" hostname="DESKTOP-7O41132" name="testNG.Test2" tests="5" failures="0" timestamp="12 Apr 2022 16:16:36 GMT" time="0.000" errors="0">
  <testcase name="test4" time="0.000" classname="testNG.Test2"/>
  <testcase name="test4" time="0.000" classname="testNG.Test2"/>
  <testcase name="test4" time="0.000" classname="testNG.Test2"/>
  <testcase name="test3" classname="testNG.Test2">
    <skipped/>
  </testcase> <!-- test3 -->
  <testcase name="test1" classname="testNG.Test2">
    <skipped/>
  </testcase> <!-- test1 -->
</testsuite> <!-- testNG.Test2 -->
