<?xml version="1.0" encoding="UTF-8"?>
<!-- Generated by org.testng.reporters.JUnitReportReporter -->
<testsuite skipped="0" hostname="DESKTOP-7O41132" name="org.dtprovider.Facebook" tests="4" failures="0" timestamp="17 Apr 2022 15:42:22 GMT" time="32.140" errors="0">
  <testcase name="tc2" time="4.472" classname="org.dtprovider.Facebook"/>
  <testcase name="tc2" time="10.647" classname="org.dtprovider.Facebook"/>
  <testcase name="tc2" time="8.450" classname="org.dtprovider.Facebook"/>
  <testcase name="tc2" time="8.571" classname="org.dtprovider.Facebook"/>
</testsuite> <!-- org.dtprovider.Facebook -->
