<?xml version="1.0" encoding="UTF-8"?>
<!-- Generated by org.testng.reporters.JUnitReportReporter -->
<testsuite skipped="0" hostname="DESKTOP-7O41132" name="org.testNG.Sample" tests="1" failures="0" timestamp="08 Apr 2022 07:23:00 GMT" time="0.041" errors="0">
  <testcase name="pu" time="0.041" classname="org.testNG.Sample"/>
</testsuite> <!-- org.testNG.Sample -->
