<?xml version="1.0" encoding="UTF-8"?>
<!-- Generated by org.testng.reporters.JUnitReportReporter -->
<testsuite skipped="0" hostname="DESKTOP-7O41132" name="testNG.Test1" tests="3" failures="0" timestamp="17 Apr 2022 14:54:24 GMT" time="0.010" errors="0">
  <testcase name="tc200" time="0.004" classname="testNG.Test1"/>
  <testcase name="tc100" time="0.001" classname="testNG.Test1"/>
  <testcase name="tc300" time="0.005" classname="testNG.Test1"/>
</testsuite> <!-- testNG.Test1 -->
